Using pre-set license
Built from '2021.3/staging' branch; Version is '2021.3.8f1 (b30333d56e81) revision 11731763'; Using compiler version '192829333'; Build Type 'Release'
OS: 'Windows 10  (10.0.19044) 64bit Professional' Language: 'es' Physical Memory: 7910 MB
BatchMode: 1, IsHumanControllingUs: 0, StartBugReporterOnCrash: 0, Is64bit: 1, IsPro: 1

COMMAND LINE ARGUMENTS:
C:\Program Files\Unity\Hub\Editor\2021.3.8f1\Editor\Unity.exe
-adb2
-batchMode
-noUpm
-name
AssetImportWorker1
-projectPath
C:/Users/floqu/Documents/4 Año/CUAT 1/VR/Repo/TP-kinesio-RV
-logFile
Logs/AssetImportWorker1.log
-srvPort
61197
Successfully changed project path to: C:/Users/floqu/Documents/4 Año/CUAT 1/VR/Repo/TP-kinesio-RV
C:/Users/floqu/Documents/4 Año/CUAT 1/VR/Repo/TP-kinesio-RV
[UnityMemory] Configuration Parameters - Can be set up in boot.config
    "memorysetup-bucket-allocator-granularity=16"
    "memorysetup-bucket-allocator-bucket-count=8"
    "memorysetup-bucket-allocator-block-size=33554432"
    "memorysetup-bucket-allocator-block-count=8"
    "memorysetup-main-allocator-block-size=16777216"
    "memorysetup-thread-allocator-block-size=16777216"
    "memorysetup-gfx-main-allocator-block-size=16777216"
    "memorysetup-gfx-thread-allocator-block-size=16777216"
    "memorysetup-cache-allocator-block-size=4194304"
    "memorysetup-typetree-allocator-block-size=2097152"
    "memorysetup-profiler-bucket-allocator-granularity=16"
    "memorysetup-profiler-bucket-allocator-bucket-count=8"
    "memorysetup-profiler-bucket-allocator-block-size=33554432"
    "memorysetup-profiler-bucket-allocator-block-count=8"
    "memorysetup-profiler-allocator-block-size=16777216"
    "memorysetup-profiler-editor-allocator-block-size=1048576"
    "memorysetup-temp-allocator-size-main=16777216"
    "memorysetup-job-temp-allocator-block-size=2097152"
    "memorysetup-job-temp-allocator-block-size-background=1048576"
    "memorysetup-job-temp-allocator-reduction-small-platforms=262144"
    "memorysetup-temp-allocator-size-background-worker=32768"
    "memorysetup-temp-allocator-size-job-worker=262144"
    "memorysetup-temp-allocator-size-preload-manager=33554432"
    "memorysetup-temp-allocator-size-nav-mesh-worker=65536"
    "memorysetup-temp-allocator-size-audio-worker=65536"
    "memorysetup-temp-allocator-size-cloud-worker=32768"
    "memorysetup-temp-allocator-size-gi-baking-worker=262144"
    "memorysetup-temp-allocator-size-gfx=262144"
Refreshing native plugins compatible for Editor in 172.07 ms, found 3 plugins.
Preloading 0 native plugins for Editor in 0.00 ms.
Initialize engine version: 2021.3.8f1 (b30333d56e81)
[Subsystems] Discovering subsystems at path C:/Program Files/Unity/Hub/Editor/2021.3.8f1/Editor/Data/Resources/UnitySubsystems
[Subsystems] Discovering subsystems at path C:/Users/floqu/Documents/4 Año/CUAT 1/VR/Repo/TP-kinesio-RV/Assets
GfxDevice: creating device client; threaded=0; jobified=0
Direct3D:
    Version:  Direct3D 11.0 [level 11.1]
    Renderer: Intel(R) UHD Graphics (ID=0x9b41)
    Vendor:   Intel
    VRAM:     3955 MB
    Driver:   30.0.101.1122
Initialize mono
Mono path[0] = 'C:/Program Files/Unity/Hub/Editor/2021.3.8f1/Editor/Data/Managed'
Mono path[1] = 'C:/Program Files/Unity/Hub/Editor/2021.3.8f1/Editor/Data/MonoBleedingEdge/lib/mono/unityjit-win32'
Mono config path = 'C:/Program Files/Unity/Hub/Editor/2021.3.8f1/Editor/Data/MonoBleedingEdge/etc'
Using monoOptions --debugger-agent=transport=dt_socket,embedding=1,server=y,suspend=n,address=127.0.0.1:56548
Begin MonoManager ReloadAssembly
Registering precompiled unity dll's ...
Register platform support module: C:/Program Files/Unity/Hub/Editor/2021.3.8f1/Editor/Data/PlaybackEngines/WebGLSupport/UnityEditor.WebGL.Extensions.dll
Register platform support module: C:/Program Files/Unity/Hub/Editor/2021.3.8f1/Editor/Data/PlaybackEngines/WindowsStandaloneSupport/UnityEditor.WindowsStandalone.Extensions.dll
Registered in 0.016210 seconds.
Native extension for WindowsStandalone target not found
Native extension for WebGL target not found
Refreshing native plugins compatible for Editor in 159.56 ms, found 3 plugins.
Preloading 0 native plugins for Editor in 0.00 ms.
Mono: successfully reloaded assembly
- Completed reload, in  1.445 seconds
Domain Reload Profiling:
	ReloadAssembly (1446ms)
		BeginReloadAssembly (204ms)
			ExecutionOrderSort (0ms)
			DisableScriptedObjects (0ms)
			BackupInstance (0ms)
			ReleaseScriptingObjects (0ms)
			CreateAndSetChildDomain (2ms)
		EndReloadAssembly (1004ms)
			LoadAssemblies (201ms)
			RebuildTransferFunctionScriptingTraits (1ms)
			SetupTypeCache (262ms)
			ReleaseScriptCaches (0ms)
			RebuildScriptCaches (66ms)
			SetupLoadedEditorAssemblies (559ms)
				LogAssemblyErrors (0ms)
				InitializePlatformSupportModulesInManaged (19ms)
				SetLoadedEditorAssemblies (0ms)
				RefreshPlugins (160ms)
				BeforeProcessingInitializeOnLoad (2ms)
				ProcessInitializeOnLoadAttributes (272ms)
				ProcessInitializeOnLoadMethodAttributes (105ms)
				AfterProcessingInitializeOnLoad (0ms)
				EditorAssembliesLoaded (0ms)
			ExecutionOrderSort2 (0ms)
			AwakeInstancesAfterBackupRestoration (0ms)
Platform modules already initialized, skipping
Registering precompiled user dll's ...
Registered in 0.021716 seconds.
Begin MonoManager ReloadAssembly
Symbol file LoadedFromMemory doesn't match image C:\Users\floqu\Documents\4 Año\CUAT 1\VR\Repo\TP-kinesio-RV\Library\PackageCache\com.unity.visualscripting@1.7.8\Editor\VisualScripting.Core\Dependencies\YamlDotNet\Unity.VisualScripting.YamlDotNet.dll
Symbol file LoadedFromMemory doesn't match image C:\Users\floqu\Documents\4 Año\CUAT 1\VR\Repo\TP-kinesio-RV\Library\PackageCache\com.unity.visualscripting@1.7.8\Editor\VisualScripting.Core\Dependencies\DotNetZip\Unity.VisualScripting.IonicZip.dll
Native extension for WindowsStandalone target not found
Native extension for WebGL target not found
Refreshing native plugins compatible for Editor in 1.15 ms, found 3 plugins.
Preloading 0 native plugins for Editor in 0.00 ms.
Mono: successfully reloaded assembly
- Completed reload, in  2.189 seconds
Domain Reload Profiling:
	ReloadAssembly (2190ms)
		BeginReloadAssembly (223ms)
			ExecutionOrderSort (0ms)
			DisableScriptedObjects (9ms)
			BackupInstance (0ms)
			ReleaseScriptingObjects (0ms)
			CreateAndSetChildDomain (40ms)
		EndReloadAssembly (1703ms)
			LoadAssemblies (197ms)
			RebuildTransferFunctionScriptingTraits (0ms)
			SetupTypeCache (598ms)
			ReleaseScriptCaches (1ms)
			RebuildScriptCaches (108ms)
			SetupLoadedEditorAssemblies (717ms)
				LogAssemblyErrors (0ms)
				InitializePlatformSupportModulesInManaged (13ms)
				SetLoadedEditorAssemblies (1ms)
				RefreshPlugins (1ms)
				BeforeProcessingInitializeOnLoad (174ms)
				ProcessInitializeOnLoadAttributes (445ms)
				ProcessInitializeOnLoadMethodAttributes (61ms)
				AfterProcessingInitializeOnLoad (21ms)
				EditorAssembliesLoaded (0ms)
			ExecutionOrderSort2 (0ms)
			AwakeInstancesAfterBackupRestoration (24ms)
Platform modules already initialized, skipping
========================================================================
Worker process is ready to serve import requests
Launched and connected shader compiler UnityShaderCompiler.exe after 0.21 seconds
Refreshing native plugins compatible for Editor in 0.70 ms, found 3 plugins.
Preloading 0 native plugins for Editor in 0.00 ms.
Unloading 3377 Unused Serialized files (Serialized files now loaded: 0)
Unloading 25 unused Assets / (55.6 KB). Loaded Objects now: 3836.
Memory consumption went from 116.0 MB to 115.9 MB.
Total: 6.175200 ms (FindLiveObjects: 0.367000 ms CreateObjectMapping: 0.303400 ms MarkObjects: 5.415100 ms  DeleteObjects: 0.088300 ms)

AssetImportParameters requested are different than current active one (requested -> active):
  custom:video-decoder-ogg-theora: a1e56fd34408186e4bbccfd4996cb3dc -> 
  custom:container-muxer-webm: aa71ff27fc2769a1b78a27578f13a17b -> 
  custom:container-demuxer-webm: 4f35f7cbe854078d1ac9338744f61a02 -> 
  custom:video-encoder-webm-vp8: eb34c28f22e8b96e1ab97ce403110664 -> 
  custom:video-codec-MediaFoundation-h265: 746d11721c4dcdbdad8f713fa42b33f4 -> 
  custom:audio-encoder-webm-vorbis: bf7c407c2cedff20999df2af8eb42d56 -> 
  custom:framework-win-MediaFoundation: 216162199b28c13a410421893ffa2e32 -> 
  custom:container-demuxer-ogg: 62fdf1f143b41e24485cea50d1cbac27 -> 
  custom:video-decoder-webm-vp8: 9c59270c3fd7afecdb556c50c9e8de78 -> 
  custom:audio-decoder-ogg-vorbis: bf7c407c2cedff20999df2af8eb42d56 -> 
========================================================================
Received Import Request.
  Time since last request: 42414.782241 seconds.
  path: Assets
  artifactKey: Guid(00000000000000001000000000000000) Importer(815301076,1909f56bfc062723c751e8b465ee728b)
Start importing Assets using Guid(00000000000000001000000000000000) Importer(815301076,1909f56bfc062723c751e8b465ee728b)  -> (artifact id: '79842766b460edbeab6a34051e857a80') in 0.016380 seconds 
========================================================================
Received Import Request.
  Time since last request: 3219.730185 seconds.
  path: Assets/Materials/Clay004_2K_Color.png
  artifactKey: Guid(a0fc10527915b87438ae314adf5594c0) Importer(815301076,1909f56bfc062723c751e8b465ee728b)
Start importing Assets/Materials/Clay004_2K_Color.png using Guid(a0fc10527915b87438ae314adf5594c0) Importer(815301076,1909f56bfc062723c751e8b465ee728b)  -> (artifact id: '0260c84c8e2f75cd311a48637138ec95') in 0.653421 seconds 
========================================================================
Received Import Request.
  Time since last request: 290.414984 seconds.
  path: Assets/Materials/WoodFloor041_2K_Color.png
  artifactKey: Guid(1db73bafab84de748ade392a699fcd34) Importer(815301076,1909f56bfc062723c751e8b465ee728b)
Start importing Assets/Materials/WoodFloor041_2K_Color.png using Guid(1db73bafab84de748ade392a699fcd34) Importer(815301076,1909f56bfc062723c751e8b465ee728b)  -> (artifact id: 'd71d26bf77312202be728865f93c2178') in 0.035181 seconds 
========================================================================
Received Import Request.
  Time since last request: 0.000046 seconds.
  path: Assets/Materials/WoodFloor041_2K_NormalDX.png
  artifactKey: Guid(725f3b6b0be72fe41af0dbcb7f821548) Importer(815301076,1909f56bfc062723c751e8b465ee728b)
Start importing Assets/Materials/WoodFloor041_2K_NormalDX.png using Guid(725f3b6b0be72fe41af0dbcb7f821548) Importer(815301076,1909f56bfc062723c751e8b465ee728b)  -> (artifact id: 'f85efa46772c76f4f7c6802e5304fe9f') in 0.026128 seconds 
========================================================================
Received Import Request.
  Time since last request: 185.795114 seconds.
  path: Assets/Materials/Asphalt014_2K_Displacement.png
  artifactKey: Guid(d548f68e43af1b64fbad59715638e0cc) Importer(815301076,1909f56bfc062723c751e8b465ee728b)
Start importing Assets/Materials/Asphalt014_2K_Displacement.png using Guid(d548f68e43af1b64fbad59715638e0cc) Importer(815301076,1909f56bfc062723c751e8b465ee728b)  -> (artifact id: '2dedc27d11f0a757a203f38a9c2670de') in 0.026653 seconds 
========================================================================
Received Import Request.
  Time since last request: 0.000046 seconds.
  path: Assets/Materials/Asphalt014_2K_NormalGL.png
  artifactKey: Guid(0387d05fcd265ce4f893d3d9661b8857) Importer(815301076,1909f56bfc062723c751e8b465ee728b)
Start importing Assets/Materials/Asphalt014_2K_NormalGL.png using Guid(0387d05fcd265ce4f893d3d9661b8857) Importer(815301076,1909f56bfc062723c751e8b465ee728b)  -> (artifact id: 'ca6a7ecf96ee7abcb298756fe38cc73b') in 0.025674 seconds 
========================================================================
Received Import Request.
  Time since last request: 0.000044 seconds.
  path: Assets/Materials/Asphalt014_2K_NormalDX.png
  artifactKey: Guid(9f705ddbf7fcfa645a05dacf2287bd20) Importer(815301076,1909f56bfc062723c751e8b465ee728b)
Start importing Assets/Materials/Asphalt014_2K_NormalDX.png using Guid(9f705ddbf7fcfa645a05dacf2287bd20) Importer(815301076,1909f56bfc062723c751e8b465ee728b)  -> (artifact id: '744e1ac7c95a6667b6fea84b8b15f2d7') in 0.023376 seconds 
========================================================================
Received Import Request.
  Time since last request: 600.742329 seconds.
  path: Assets/Materials/floor - wood.mat
  artifactKey: Guid(4790cb22fc223d84f83637c43edfacc8) Importer(815301076,1909f56bfc062723c751e8b465ee728b)
Start importing Assets/Materials/floor - wood.mat using Guid(4790cb22fc223d84f83637c43edfacc8) Importer(815301076,1909f56bfc062723c751e8b465ee728b)  -> (artifact id: '513ba8ee0d60b744dd26498376e39b80') in 1.034419 seconds 
========================================================================
Received Import Request.
  Time since last request: 1891.023669 seconds.
  path: Assets/Materials/KaiMoischCom_Dirt_Ground_0,5x0,5_Seamless_Height_1K.tif
  artifactKey: Guid(c96e99841e7c3e240b607d6b7c092182) Importer(815301076,1909f56bfc062723c751e8b465ee728b)
Start importing Assets/Materials/KaiMoischCom_Dirt_Ground_0,5x0,5_Seamless_Height_1K.tif using Guid(c96e99841e7c3e240b607d6b7c092182) Importer(815301076,1909f56bfc062723c751e8b465ee728b)  -> (artifact id: '332e7ccf9a04d95033325f7c1b5ddf46') in 0.237681 seconds 
========================================================================
Received Import Request.
  Time since last request: 332.566760 seconds.
  path: Assets/Materials/skysphere.mat
  artifactKey: Guid(567019bf2501cc247ae2a7526e86adb1) Importer(815301076,1909f56bfc062723c751e8b465ee728b)
Start importing Assets/Materials/skysphere.mat using Guid(567019bf2501cc247ae2a7526e86adb1) Importer(815301076,1909f56bfc062723c751e8b465ee728b)  -> (artifact id: '20442d5e4a424eca8c81608e8e28d718') in 0.275293 seconds 
========================================================================
Received Import Request.
  Time since last request: 1554.375161 seconds.
  path: Assets/Models/Negro.mat
  artifactKey: Guid(3e18263ac35023b479be443f80d0a5e7) Importer(815301076,1909f56bfc062723c751e8b465ee728b)
Start importing Assets/Models/Negro.mat using Guid(3e18263ac35023b479be443f80d0a5e7) Importer(815301076,1909f56bfc062723c751e8b465ee728b)  -> (artifact id: 'd0e6616a5343f3de0473ded309e73e64') in 0.604201 seconds 
========================================================================
Received Import Request.
  Time since last request: 17.056345 seconds.
  path: Assets/Models/KaiMoischCom_Dirt_Ground_0,5x0,5_Seamless_Albedo_1K.tif
  artifactKey: Guid(1f387ff6beb88a24aba163234eb143dc) Importer(815301076,1909f56bfc062723c751e8b465ee728b)
Start importing Assets/Models/KaiMoischCom_Dirt_Ground_0,5x0,5_Seamless_Albedo_1K.tif using Guid(1f387ff6beb88a24aba163234eb143dc) Importer(815301076,1909f56bfc062723c751e8b465ee728b)  -> (artifact id: 'f4f859fc48c6547ed0d7f9619bf63bcd') in 0.046721 seconds 
========================================================================
Received Import Request.
  Time since last request: 0.000033 seconds.
  path: Assets/Models/KaiMoischCom_Dirt_Ground_0,5x0,5_Seamless_Normal_1K.tif
  artifactKey: Guid(1ce4a4976bbe12146a86dac1dfa35c38) Importer(815301076,1909f56bfc062723c751e8b465ee728b)
Start importing Assets/Models/KaiMoischCom_Dirt_Ground_0,5x0,5_Seamless_Normal_1K.tif using Guid(1ce4a4976bbe12146a86dac1dfa35c38) Importer(815301076,1909f56bfc062723c751e8b465ee728b)  -> (artifact id: '8917c33ad87591b66b302b6bb63f41f0') in 0.023967 seconds 
========================================================================
Received Import Request.
  Time since last request: 0.000049 seconds.
  path: Assets/Models/KaiMoischCom_Dirt_Ground_0,5x0,5_Seamless_Specular_1K.tif
  artifactKey: Guid(e2750a014f316264caec28239a336b4b) Importer(815301076,1909f56bfc062723c751e8b465ee728b)
Start importing Assets/Models/KaiMoischCom_Dirt_Ground_0,5x0,5_Seamless_Specular_1K.tif using Guid(e2750a014f316264caec28239a336b4b) Importer(815301076,1909f56bfc062723c751e8b465ee728b)  -> (artifact id: '3975590b52a8016630f6f29dbd7c3a62') in 0.025723 seconds 
